[debug] [2019-02-01T10:45:32.996Z] ----------------------------------------------------------------------
[debug] [2019-02-01T10:45:32.998Z] Command:       /Users/stuartjones/.nvm/versions/node/v11.1.0/bin/node /Users/stuartjones/.nvm/versions/node/v11.1.0/bin/firebase serve --only functions
[debug] [2019-02-01T10:45:32.999Z] CLI Version:   6.3.1
[debug] [2019-02-01T10:45:32.999Z] Platform:      darwin
[debug] [2019-02-01T10:45:32.999Z] Node Version:  v11.1.0
[debug] [2019-02-01T10:45:33.000Z] Time:          Fri Feb 01 2019 10:45:32 GMT+0000 (Greenwich Mean Time)
[debug] [2019-02-01T10:45:33.000Z] ----------------------------------------------------------------------
[debug] 
[debug] [2019-02-01T10:45:33.013Z] > command requires scopes: ["email","openid","https://www.googleapis.com/auth/cloudplatformprojects.readonly","https://www.googleapis.com/auth/firebase","https://www.googleapis.com/auth/cloud-platform"]
[debug] [2019-02-01T10:45:33.014Z] > authorizing via signed-in user
[debug] [2019-02-01T10:45:33.014Z] [iam] checking project mood-tracker-1 for permissions ["firebase.projects.get"]
[debug] [2019-02-01T10:45:33.015Z] > refreshing access token with scopes: ["email","https://www.googleapis.com/auth/cloud-platform","https://www.googleapis.com/auth/cloudplatformprojects.readonly","https://www.googleapis.com/auth/firebase","openid"]
[debug] [2019-02-01T10:45:33.016Z] >>> HTTP REQUEST POST https://www.googleapis.com/oauth2/v3/token  
 <request body omitted>
[debug] [2019-02-01T10:45:33.205Z] <<< HTTP RESPONSE 200
[debug] [2019-02-01T10:45:33.251Z] >>> HTTP REQUEST POST https://cloudresourcemanager.googleapis.com/v1/projects/mood-tracker-1:testIamPermissions  

[debug] [2019-02-01T10:45:34.018Z] <<< HTTP RESPONSE 200
[debug] [2019-02-01T10:45:34.020Z] >>> HTTP REQUEST GET https://cloudresourcemanager.googleapis.com/v1/projects/mood-tracker-1  
 
[debug] [2019-02-01T10:45:34.734Z] <<< HTTP RESPONSE 200
[info] 
[info] === Serving from '/Users/stuartjones/Documents/work/perkbox/mood-tracker'...
[info] 
[info] i  functions: Preparing to emulate functions.
[debug] [2019-02-01T10:45:35.603Z] Fetching environment
[debug] [2019-02-01T10:45:35.606Z] >>> HTTP REQUEST GET https://mobilesdk-pa.googleapis.com/v1/projects/815802698868:getServerAppConfig  
 
[debug] [2019-02-01T10:45:35.803Z] <<< HTTP RESPONSE 200
[debug] [2019-02-01T10:45:35.804Z] Starting @google-cloud/functions-emulator
[debug] [2019-02-01T10:45:37.373Z] Parsing function triggers
[info] ✔  functions: helloWorld: http://localhost:5000/mood-tracker-1/us-central1/helloWorld
